models/dict/cmu07a.dic
models/dict/etc/allprompts
models/dict/etc/feat.params
models/dict/etc/sphinx_decode.cfg
models/dict/etc/sphinx_train.cfg
models/dict/etc/voxforge_es_sphinx.alignedfiles
models/dict/etc/voxforge_es_sphinx.alignedtranscripts
models/dict/etc/voxforge_es_sphinx.dic
models/dict/etc/voxforge_es_sphinx.fileids.test
models/dict/etc/voxforge_es_sphinx.fileids.train
models/dict/etc/voxforge_es_sphinx.filler
models/dict/etc/voxforge_es_sphinx.phone
models/dict/etc/voxforge_es_sphinx.transcription
models/dict/etc/voxforge_es_sphinx.transcription.lm
models/dict/etc/voxforge_es_sphinx.transcription.test
models/dict/etc/voxforge_es_sphinx.transcription.train
models/dict/etc/voxforge_es_sphinx.transcription.train14403
models/dict/etc/voxforge_es_sphinx.transcription.txt
models/dict/etc_mx/H4.arpa.Z.DMP
models/dict/etc_mx/filler.dict
models/dict/etc_mx/h4.dict
models/dict/etc_mx/train.fileids
models/dict/etc_mx/train.transcription
models/dict/h4.dict
models/grammar/digits.gram
models/grammar/menu.gram
models/grammar/numbers.gram
models/grammar/numeros.gram
models/grammar/polar.gram
models/grammar/span_polar.gram
models/hmm/en-us-semi/README
models/hmm/en-us-semi/feat.params
models/hmm/en-us-semi/mdef
models/hmm/en-us-semi/means
models/hmm/en-us-semi/noisedict
models/hmm/en-us-semi/sendump
models/hmm/en-us-semi/transition_matrices
models/hmm/en-us-semi/variances
models/hmm/es_MX/feat.params
models/hmm/es_MX/mdef
models/hmm/es_MX/means
models/hmm/es_MX/mixture_weights
models/hmm/es_MX/transition_matrices
models/hmm/es_MX/variances
models/hmm/voxforge_es/feat.params
models/hmm/voxforge_es/feature_transform
models/hmm/voxforge_es/mdef
models/hmm/voxforge_es/means
models/hmm/voxforge_es/mixture_weights
models/hmm/voxforge_es/noisedict
models/hmm/voxforge_es/transition_matrices
models/hmm/voxforge_es/variances
models/lm/weather.dmp
models/voxforge-es-0.1.1/README
models/voxforge-es-0.1.1/etc/allprompts
models/voxforge-es-0.1.1/etc/feat.params
models/voxforge-es-0.1.1/etc/sphinx_decode.cfg
models/voxforge-es-0.1.1/etc/sphinx_train.cfg
models/voxforge-es-0.1.1/etc/voxforge_es_sphinx.alignedfiles
models/voxforge-es-0.1.1/etc/voxforge_es_sphinx.alignedtranscripts
models/voxforge-es-0.1.1/etc/voxforge_es_sphinx.dic
models/voxforge-es-0.1.1/etc/voxforge_es_sphinx.fileids.test
models/voxforge-es-0.1.1/etc/voxforge_es_sphinx.fileids.train
models/voxforge-es-0.1.1/etc/voxforge_es_sphinx.filler
models/voxforge-es-0.1.1/etc/voxforge_es_sphinx.phone
models/voxforge-es-0.1.1/etc/voxforge_es_sphinx.transcription
models/voxforge-es-0.1.1/etc/voxforge_es_sphinx.transcription.test
models/voxforge-es-0.1.1/etc/voxforge_es_sphinx.transcription.test.lm
models/voxforge-es-0.1.1/etc/voxforge_es_sphinx.transcription.train
models/voxforge-es-0.1.1/etc/voxforge_es_sphinx.transcription.txt
models/voxforge-es-0.1.1/etc/voxforge_es_sphinx_MX.dic
models/voxforge-es-0.1.1/model_parameters/voxforge_es_sphinx.cd_cont_1500/feat.params
models/voxforge-es-0.1.1/model_parameters/voxforge_es_sphinx.cd_cont_1500/feature_transform
models/voxforge-es-0.1.1/model_parameters/voxforge_es_sphinx.cd_cont_1500/mdef
models/voxforge-es-0.1.1/model_parameters/voxforge_es_sphinx.cd_cont_1500/means
models/voxforge-es-0.1.1/model_parameters/voxforge_es_sphinx.cd_cont_1500/mixture_weights
models/voxforge-es-0.1.1/model_parameters/voxforge_es_sphinx.cd_cont_1500/noisedict
models/voxforge-es-0.1.1/model_parameters/voxforge_es_sphinx.cd_cont_1500/transition_matrices
models/voxforge-es-0.1.1/model_parameters/voxforge_es_sphinx.cd_cont_1500/variances
models/voxforge-es-0.1.1/result/voxforge_es_sphinx-1-8.match
models/voxforge-es-0.1.1/result/voxforge_es_sphinx-2-8.match
models/voxforge-es-0.1.1/result/voxforge_es_sphinx-3-8.match
models/voxforge-es-0.1.1/result/voxforge_es_sphinx-4-8.match
models/voxforge-es-0.1.1/result/voxforge_es_sphinx-5-8.match
models/voxforge-es-0.1.1/result/voxforge_es_sphinx-6-8.match
models/voxforge-es-0.1.1/result/voxforge_es_sphinx-7-8.match
models/voxforge-es-0.1.1/result/voxforge_es_sphinx-8-8.match
models/voxforge-es-0.1.1/result/voxforge_es_sphinx.align
models/voxforge-es-0.1.1/result/voxforge_es_sphinx.match
models/voxforge-es-0.1.1/scripts/build.sh
models/voxforge-es-0.1.1/scripts/build_fileids.py
models/voxforge-es-0.1.1/scripts/traintest.sh